#
# There is insufficient memory for the Java Runtime Environment to continue.
# Native memory allocation (malloc) failed to allocate 1048576 bytes for AllocateHeap
# Possible reasons:
#   The system is out of physical RAM or swap space
#   The process is running with CompressedOops enabled, and the Java Heap may be blocking the growth of the native heap
# Possible solutions:
#   Reduce memory load on the system
#   Increase physical memory or swap space
#   Check if swap backing store is full
#   Decrease Java heap size (-Xmx/-Xms)
#   Decrease number of Java threads
#   Decrease Java thread stack sizes (-Xss)
#   Set larger code cache with -XX:ReservedCodeCacheSize=
#   JVM is running with Unscaled Compressed Oops mode in which the Java heap is
#     placed in the first 4GB address space. The Java Heap base address is the
#     maximum limit for the native heap growth. Please use -XX:HeapBaseMinAddress
#     to set the Java Heap base and to place the Java Heap above 4GB virtual address.
# This output file may be truncated or incomplete.
#
#  Out of Memory Error (allocation.cpp:44), pid=8260, tid=11136
#
# JRE version:  (21.0.9+7) (build )
# Java VM: Java HotSpot(TM) 64-Bit Server VM (21.0.9+7-LTS-338, mixed mode, sharing, tiered, compressed oops, compressed class ptrs, g1 gc, windows-amd64)
# No core dump will be written. Minidumps are not enabled by default on client versions of Windows
#

---------------  S U M M A R Y ------------

Command Line: --enable-native-access=ALL-UNNAMED 

Host: Intel(R) Core(TM) i5-1035G1 CPU @ 1.00GHz, 8 cores, 7G,  Windows 11 , 64 bit Build 26100 (10.0.26100.8521)
Time: Sat Jun 27 08:06:28 2026 India Standard Time elapsed time: 1.028518 seconds (0d 0h 0m 1s)

---------------  T H R E A D  ---------------

Current thread (0x000002cdd3e993f0):  JavaThread "Unknown thread" [_thread_in_vm, id=11136, stack(0x000000dfce800000,0x000000dfce900000) (1024K)]

Stack: [0x000000dfce800000,0x000000dfce900000]
Native frames: (J=compiled Java code, j=interpreted, Vv=VM code, C=native code)
V  [jvm.dll+0x6cbf89]
V  [jvm.dll+0x858421]
V  [jvm.dll+0x85a94e]
V  [jvm.dll+0x85b023]
V  [jvm.dll+0x27ebc6]
V  [jvm.dll+0xbfae7]
V  [jvm.dll+0x326b85]
V  [jvm.dll+0x8216fd]
V  [jvm.dll+0x3bc481]
V  [jvm.dll+0x80a9b8]
V  [jvm.dll+0x45166e]
V  [jvm.dll+0x453261]
C  [jli.dll+0x52a3]
C  [ucrtbase.dll+0x2cd30]
C  [KERNEL32.DLL+0x2e957]
C  [ntdll.dll+0x87c1c]


---------------  P R O C E S S  ---------------

Threads class SMR info:
_java_thread_list=0x00007ffd4f3efc08, length=0, elements={
}

Java Threads: ( => current thread )
Total: 0

Other Threads:

=>0x000002cdd3e993f0 (exited) JavaThread "Unknown thread"    [_thread_in_vm, id=11136, stack(0x000000dfce800000,0x000000dfce900000) (1024K)]
Total: 1

Threads with active compile tasks:
Total: 0

VM state: not at safepoint (not fully initialized)

VM Mutex/Monitor currently owned by a thread: None

Heap address: 0x0000000000000000, size: 0 MB, Compressed Oops mode: 32-bit

CDS archive(s) mapped at: [0x0000000000000000-0x0000000000000000-0x0000000000000000), size 0, SharedBaseAddress: 0x0000000800000000, ArchiveRelocationMode: 1.
Narrow klass base: 0x0000000000000000, Narrow klass shift: 0, Narrow klass range: 0x0

GC Precious Log:
 CardTable entry size: 512
 Card Set container configuration: InlinePtr #cards 5 size 8 Array Of Cards #cards 12 size 40 Howl #buckets 4 coarsen threshold 1843 Howl Bitmap #cards 512 size 80 coarsen threshold 460 Card regions per heap region 1 cards per card region 2048

GC Heap History (0 events):
No events

Dll operation events (1 events):
Event: 0.018 Loaded shared library C:\Program Files\Java\jdk-21\bin\java.dll

Deoptimization events (0 events):
No events

Classes loaded (0 events):
No events

Classes unloaded (0 events):
No events

Classes redefined (0 events):
No events

Internal exceptions (0 events):
No events

ZGC Phase Switch (0 events):
No events

VM Operations (0 events):
No events

Events (0 events):
No events


Dynamic libraries:
0x00007ff72d2d0000 - 0x00007ff72d2e0000 	C:\Program Files\Java\jdk-21\bin\java.exe
0x00007ffdc7a20000 - 0x00007ffdc7c86000 	C:\WINDOWS\SYSTEM32\ntdll.dll
0x00007ffdc6300000 - 0x00007ffdc63c9000 	C:\WINDOWS\System32\KERNEL32.DLL
0x00007ffdc5060000 - 0x00007ffdc545a000 	C:\WINDOWS\System32\KERNELBASE.dll
0x00007ffdc5460000 - 0x00007ffdc55ac000 	C:\WINDOWS\System32\ucrtbase.dll
0x00007ffd9f790000 - 0x00007ffd9f7a9000 	C:\Program Files\Java\jdk-21\bin\jli.dll
0x00007ffdc6240000 - 0x00007ffdc62f6000 	C:\WINDOWS\System32\ADVAPI32.dll
0x00007ffdaa6b0000 - 0x00007ffdaa6cb000 	C:\Program Files\Java\jdk-21\bin\VCRUNTIME140.dll
0x00007ffdc78d0000 - 0x00007ffdc7979000 	C:\WINDOWS\System32\msvcrt.dll
0x00007ffdc6ce0000 - 0x00007ffdc6d8a000 	C:\WINDOWS\System32\sechost.dll
0x00007ffdc6120000 - 0x00007ffdc6238000 	C:\WINDOWS\System32\RPCRT4.dll
0x00007ffdc6e10000 - 0x00007ffdc6fd7000 	C:\WINDOWS\System32\USER32.dll
0x00007ffdc4d40000 - 0x00007ffdc4d67000 	C:\WINDOWS\System32\win32u.dll
0x00007ffdc78a0000 - 0x00007ffdc78cb000 	C:\WINDOWS\System32\GDI32.dll
0x00007ffda8fe0000 - 0x00007ffda9272000 	C:\WINDOWS\WinSxS\amd64_microsoft.windows.common-controls_6595b64144ccf1df_6.0.26100.8521_none_3e08b75ce33403b3\COMCTL32.dll
0x00007ffdc55b0000 - 0x00007ffdc56db000 	C:\WINDOWS\System32\gdi32full.dll
0x00007ffdc4d70000 - 0x00007ffdc4e13000 	C:\WINDOWS\System32\msvcp_win.dll
0x00007ffdbe510000 - 0x00007ffdbe51b000 	C:\WINDOWS\SYSTEM32\VERSION.dll
0x00007ffdc7980000 - 0x00007ffdc79b2000 	C:\WINDOWS\System32\IMM32.DLL
0x00007ffd9f6f0000 - 0x00007ffd9f6fc000 	C:\Program Files\Java\jdk-21\bin\vcruntime140_1.dll
0x00007ffd8e440000 - 0x00007ffd8e4ce000 	C:\Program Files\Java\jdk-21\bin\msvcp140.dll
0x00007ffd4e820000 - 0x00007ffd4f53d000 	C:\Program Files\Java\jdk-21\bin\server\jvm.dll
0x00007ffdc6090000 - 0x00007ffdc6110000 	C:\WINDOWS\System32\WS2_32.dll
0x00007ffdc4b30000 - 0x00007ffdc4b8e000 	C:\WINDOWS\SYSTEM32\POWRPROF.dll
0x00007ffda51f0000 - 0x00007ffda5226000 	C:\WINDOWS\SYSTEM32\WINMM.dll
0x00007ffdc4b10000 - 0x00007ffdc4b24000 	C:\WINDOWS\SYSTEM32\UMPDC.dll
0x00007ffdc3a10000 - 0x00007ffdc3a2b000 	C:\WINDOWS\SYSTEM32\kernel.appcore.dll
0x00007ffd8ec80000 - 0x00007ffd8ec8a000 	C:\Program Files\Java\jdk-21\bin\jimage.dll
0x00007ffdb0310000 - 0x00007ffdb0552000 	C:\WINDOWS\SYSTEM32\DBGHELP.DLL
0x00007ffdc7500000 - 0x00007ffdc7883000 	C:\WINDOWS\System32\combase.dll
0x00007ffdc6b60000 - 0x00007ffdc6c39000 	C:\WINDOWS\System32\OLEAUT32.dll
0x00007ffda3320000 - 0x00007ffda335b000 	C:\WINDOWS\SYSTEM32\dbgcore.DLL
0x00007ffdc56e0000 - 0x00007ffdc5788000 	C:\WINDOWS\System32\bcryptPrimitives.dll
0x00007ffd8ec60000 - 0x00007ffd8ec7f000 	C:\Program Files\Java\jdk-21\bin\java.dll

dbghelp: loaded successfully - version: 4.0.5 - missing functions: none
symbol engine: initialized successfully - sym options: 0x614 - pdb path: .;C:\Program Files\Java\jdk-21\bin;C:\WINDOWS\SYSTEM32;C:\WINDOWS\WinSxS\amd64_microsoft.windows.common-controls_6595b64144ccf1df_6.0.26100.8521_none_3e08b75ce33403b3;C:\Program Files\Java\jdk-21\bin\server

VM Arguments:
jvm_args: --enable-native-access=ALL-UNNAMED 
java_command: <unknown>
java_class_path (initial): <not set>
Launcher Type: SUN_STANDARD

[Global flags]
     intx CICompilerCount                          = 4                                         {product} {ergonomic}
     uint ConcGCThreads                            = 2                                         {product} {ergonomic}
     uint G1ConcRefinementThreads                  = 8                                         {product} {ergonomic}
   size_t G1HeapRegionSize                         = 1048576                                   {product} {ergonomic}
    uintx GCDrainStackTargetSize                   = 64                                        {product} {ergonomic}
   size_t InitialHeapSize                          = 132120576                                 {product} {ergonomic}
   size_t MarkStackSize                            = 4194304                                   {product} {ergonomic}
   size_t MaxHeapSize                              = 2090860544                                {product} {ergonomic}
   size_t MinHeapDeltaBytes                        = 1048576                                   {product} {ergonomic}
   size_t MinHeapSize                              = 8388608                                   {product} {ergonomic}
    uintx NonNMethodCodeHeapSize                   = 5839372                                {pd product} {ergonomic}
    uintx NonProfiledCodeHeapSize                  = 122909434                              {pd product} {ergonomic}
    uintx ProfiledCodeHeapSize                     = 122909434                              {pd product} {ergonomic}
    uintx ReservedCodeCacheSize                    = 251658240                              {pd product} {ergonomic}
     bool SegmentedCodeCache                       = true                                      {product} {ergonomic}
   size_t SoftMaxHeapSize                          = 2090860544                             {manageable} {ergonomic}
     bool UseCompressedOops                        = true                           {product lp64_product} {ergonomic}
     bool UseG1GC                                  = true                                      {product} {ergonomic}
     bool UseLargePagesIndividualAllocation        = false                                  {pd product} {ergonomic}

Logging:
Log output configuration:
 #0: stdout all=warning uptime,level,tags foldmultilines=false
 #1: stderr all=off uptime,level,tags foldmultilines=false

Environment Variables:
JAVA_HOME=C:\Program Files\Java\jdk-21
PATH=C:\Program Files\Common Files\Oracle\Java\javapath;C:\Program Files (x86)\Common Files\Oracle\Java\java8path;C:\Program Files (x86)\Common Files\Oracle\Java\javapath;C:\WINDOWS\system32;C:\WINDOWS;C:\WINDOWS\System32\Wbem;C:\WINDOWS\System32\WindowsPowerShell\v1.0\;C:\WINDOWS\System32\OpenSSH\;C:\Program Files\nodejs\;C:\Program Files (x86)\apache-maven-3.9.15\bin;C:\Program Files\Git\cmd;C:\Program Files\Docker\Docker\resources\bin;C:\Program Files\Java\jdk-21\bin;C:\Program Files\MongoDB\Server\8.3\bin;C:\Users\Hp\AppData\Local\Microsoft\WindowsApps;C:\Users\Hp\AppData\Local\Programs\Microsoft VS Code\bin;C:\Users\Hp\AppData\Roaming\npm;C:\Users\Hp\AppData\Local\GitHubDesktop\bin;C:\Users\Hp\AppData\Local\Programs\mongosh\;C:\Program Files\JetBrains\IntelliJ IDEA 2026.1.3\bin
USERNAME=Hp
OS=Windows_NT
PROCESSOR_IDENTIFIER=Intel64 Family 6 Model 126 Stepping 5, GenuineIntel
TMP=C:\Users\Hp\AppData\Local\Temp
TEMP=C:\Users\Hp\AppData\Local\Temp




Periodic native trim disabled

---------------  S Y S T E M  ---------------

OS:
 Windows 11 , 64 bit Build 26100 (10.0.26100.8521)
OS uptime: 0 days 15:33 hours
Hyper-V role detected

CPU: total 8 (initial active 8) (4 cores per cpu, 2 threads per core) family 6 model 126 stepping 5 microcode 0xbc, cx8, cmov, fxsr, ht, mmx, 3dnowpref, sse, sse2, sse3, ssse3, sse4.1, sse4.2, popcnt, lzcnt, tsc, tscinvbit, avx, avx2, aes, erms, clmul, bmi1, bmi2, adx, avx512f, avx512dq, avx512cd, avx512bw, avx512vl, sha, fma, vzeroupper, avx512_vpopcntdq, avx512_vpclmulqdq, avx512_vaes, avx512_vnni, clflush, clflushopt, avx512_vbmi2, avx512_vbmi, hv, rdtscp, rdpid, fsrm, gfni, avx512_bitalg, f16c, avx512_ifma
Processor Information for all 8 processors :
  Max Mhz: 1190, Current Mhz: 991, Mhz Limit: 987

Memory: 4k page, system-wide physical 7973M (741M free)
TotalPageFile size 16165M (AvailPageFile size 98M)
current process WorkingSet (physical memory assigned to process): 12M, peak: 12M
current process commit charge ("private bytes"): 14M, peak: 15M

vm_info: Java HotSpot(TM) 64-Bit Server VM (21.0.9+7-LTS-338) for windows-amd64 JRE (21.0.9+7-LTS-338), built on 2025-09-26T06:33:49Z by "mach5run" with MS VC++ 17.6 (VS2022)

END.
